[debug] [2020-10-16T14:51:31.888Z] ----------------------------------------------------------------------
[debug] [2020-10-16T14:51:31.890Z] Command:       C:\Program Files\nodejs\node.exe C:\Users\fhoss\AppData\Roaming\npm\node_modules\firebase-tools\lib\bin\firebase.js deploy
[debug] [2020-10-16T14:51:31.890Z] CLI Version:   8.12.1
[debug] [2020-10-16T14:51:31.890Z] Platform:      win32
[debug] [2020-10-16T14:51:31.890Z] Node Version:  v12.18.4
[debug] [2020-10-16T14:51:31.891Z] Time:          Fri Oct 16 2020 20:51:31 GMT+0600 (Bangladesh Standard Time)
[debug] [2020-10-16T14:51:31.891Z] ----------------------------------------------------------------------
[debug] [2020-10-16T14:51:31.891Z] 
[debug] [2020-10-16T14:51:31.898Z] > command requires scopes: ["email","openid","https://www.googleapis.com/auth/cloudplatformprojects.readonly","https://www.googleapis.com/auth/firebase","https://www.googleapis.com/auth/cloud-platform"]
[debug] [2020-10-16T14:51:31.898Z] > authorizing via signed-in user
[debug] [2020-10-16T14:51:31.898Z] [iam] checking project creative-agency-pro for permissions ["firebase.projects.get","firebasehosting.sites.update"]
[debug] [2020-10-16T14:51:31.901Z] >>> HTTP REQUEST POST https://cloudresourcemanager.googleapis.com/v1/projects/creative-agency-pro:testIamPermissions  
 {"permissions":["firebase.projects.get","firebasehosting.sites.update"]}
[debug] [2020-10-16T14:51:33.783Z] <<< HTTP RESPONSE 200 {"content-type":"application/json; charset=UTF-8","vary":"X-Origin, Referer, Origin,Accept-Encoding","date":"Fri, 16 Oct 2020 14:51:32 GMT","server":"ESF","cache-control":"private","x-xss-protection":"0","x-frame-options":"SAMEORIGIN","x-content-type-options":"nosniff","server-timing":"gfet4t7; dur=1125","alt-svc":"h3-Q050=\":443\"; ma=2592000,h3-29=\":443\"; ma=2592000,h3-27=\":443\"; ma=2592000,h3-T051=\":443\"; ma=2592000,h3-T050=\":443\"; ma=2592000,h3-Q046=\":443\"; ma=2592000,h3-Q043=\":443\"; ma=2592000,quic=\":443\"; ma=2592000; v=\"46,43\"","accept-ranges":"none","transfer-encoding":"chunked"}
[debug] [2020-10-16T14:51:33.789Z] >>> HTTP REQUEST GET https://firebase.googleapis.com/v1beta1/projects/creative-agency-pro  
 
[debug] [2020-10-16T14:51:34.647Z] <<< HTTP RESPONSE 200 {"content-type":"application/json; charset=UTF-8","vary":"X-Origin, Referer, Origin,Accept-Encoding","date":"Fri, 16 Oct 2020 14:51:33 GMT","server":"ESF","cache-control":"private","x-xss-protection":"0","x-frame-options":"SAMEORIGIN","x-content-type-options":"nosniff","alt-svc":"h3-Q050=\":443\"; ma=2592000,h3-29=\":443\"; ma=2592000,h3-27=\":443\"; ma=2592000,h3-T051=\":443\"; ma=2592000,h3-T050=\":443\"; ma=2592000,h3-Q046=\":443\"; ma=2592000,h3-Q043=\":443\"; ma=2592000,quic=\":443\"; ma=2592000; v=\"46,43\"","accept-ranges":"none","transfer-encoding":"chunked"}
[info] 
[info] === Deploying to 'creative-agency-pro'...
[info] 
[info] i  deploying hosting 
[debug] [2020-10-16T14:51:34.686Z] >>> HTTP REQUEST POST https://firebasehosting.googleapis.com/v1beta1/sites/creative-agency-pro/versions  
 {"config":{"rewrites":[{"glob":"**","path":"/index.html"}]},"labels":{"deployment-tool":"cli-firebase"}}
[debug] [2020-10-16T14:51:37.684Z] <<< HTTP RESPONSE 200 {"content-type":"application/json; charset=UTF-8","vary":"X-Origin, Referer, Origin,Accept-Encoding","date":"Fri, 16 Oct 2020 14:51:36 GMT","server":"ESF","cache-control":"private","x-xss-protection":"0","x-frame-options":"SAMEORIGIN","x-content-type-options":"nosniff","alt-svc":"h3-Q050=\":443\"; ma=2592000,h3-29=\":443\"; ma=2592000,h3-27=\":443\"; ma=2592000,h3-T051=\":443\"; ma=2592000,h3-T050=\":443\"; ma=2592000,h3-Q046=\":443\"; ma=2592000,h3-Q043=\":443\"; ma=2592000,quic=\":443\"; ma=2592000; v=\"46,43\"","accept-ranges":"none","transfer-encoding":"chunked"}
[info] i  hosting[creative-agency-pro]: beginning deploy... 
[info] i  hosting[creative-agency-pro]: found 27 files in build 
[debug] [2020-10-16T14:51:37.725Z] [hosting] hash cache [YnVpbGQ] not populated
[debug] [2020-10-16T14:51:38.088Z] [hosting] hash cache [YnVpbGQ] stored for 27 files
[debug] [2020-10-16T14:51:38.088Z] [hosting][hash queue][FINAL] {"max":346,"min":34,"avg":64.18518518518519,"active":0,"complete":27,"success":27,"errored":0,"retried":0,"total":27,"elapsed":362}
[debug] [2020-10-16T14:51:38.088Z] >>> HTTP REQUEST POST https://firebasehosting.googleapis.com/v1beta1/sites/creative-agency-pro/versions/fffa1400fcda82bc:populateFiles  
 <request body omitted>
[debug] [2020-10-16T14:51:40.608Z] <<< HTTP RESPONSE 200 {"content-type":"application/json; charset=UTF-8","vary":"X-Origin, Referer, Origin,Accept-Encoding","date":"Fri, 16 Oct 2020 14:51:39 GMT","server":"ESF","cache-control":"private","x-xss-protection":"0","x-frame-options":"SAMEORIGIN","x-content-type-options":"nosniff","alt-svc":"h3-Q050=\":443\"; ma=2592000,h3-29=\":443\"; ma=2592000,h3-27=\":443\"; ma=2592000,h3-T051=\":443\"; ma=2592000,h3-T050=\":443\"; ma=2592000,h3-Q046=\":443\"; ma=2592000,h3-Q043=\":443\"; ma=2592000,quic=\":443\"; ma=2592000; v=\"46,43\"","accept-ranges":"none","transfer-encoding":"chunked"}
[debug] [2020-10-16T14:51:40.629Z] [hosting][populate queue][FINAL] {"max":2529,"min":2529,"avg":2529,"active":0,"complete":1,"success":1,"errored":0,"retried":0,"total":1,"elapsed":2547}
[debug] [2020-10-16T14:51:40.630Z] [hosting] uploads queued: 27
[debug] [2020-10-16T14:51:51.577Z] [uploadQueue] Retrying task 674f724e28451f5a7b71158c40eb42f7e0d48febcb29dac0d27b7124ac7035ff
[debug] [2020-10-16T14:51:51.581Z] [uploadQueue] Retrying task aff3449bdc238776f5d6d967f19ec491b36aed5fb7f23ccff6500736fd58494a
[debug] [2020-10-16T14:51:51.594Z] [uploadQueue] Retrying task 7ee09040323f62b219cacb5b0143882cfb7a357df8869378da53e7e0c6a0a221
[debug] [2020-10-16T14:51:51.605Z] [uploadQueue] Retrying task f7c19253349c5054ea8250d3a4dc8c48458e7add75fd62b51f72bbaaa5500539
[debug] [2020-10-16T14:51:51.675Z] [uploadQueue] Retrying task 7cef4a9ae9e7d3729ac9f6888b0ca6c51207455c52b3112799f4799e1430e8f2
[debug] [2020-10-16T14:51:51.677Z] [uploadQueue] Retrying task eea81447b8dc08bee2467dec3162e48ef9dd039ff2cf38982de83ae8d68ade22
[debug] [2020-10-16T14:51:51.683Z] [uploadQueue] Retrying task 548bc0d6666635dc618d1faa2cda378ea296ea60082d7969b6a7462ab3eb47ea
[debug] [2020-10-16T14:51:51.692Z] [uploadQueue] Retrying task 96c61c809e00bdfee75bf490a619aa573a03d01da27f8e8dd59a569047cfae03
[debug] [2020-10-16T14:51:51.694Z] [uploadQueue] Retrying task ee7e2f3fdb8209c4b6fd7bef6ba50d1b9dba30a25bb5c3126df057e1cb6f5331
[debug] [2020-10-16T14:51:51.696Z] [uploadQueue] Retrying task 32cd25c49dafe48845f93c3e8f62645c84dea2e961f1047a0dba07c2dbf75c01
[debug] [2020-10-16T14:51:51.697Z] [uploadQueue] Retrying task 5b41df73a31e587f62d72e3e1ab49df4b9069baa323427d6a00ec6c890fc926d
[debug] [2020-10-16T14:51:51.706Z] [uploadQueue] Retrying task 042ad54d243a38417a789e2bf504e52f856eaa4faba7273998c888b3cde3e816
[debug] [2020-10-16T14:51:51.707Z] [uploadQueue] Retrying task 3ee59515172ee198f3be375979df15ac5345183e656720a381b8872b2a39dc8b
[debug] [2020-10-16T14:51:51.708Z] [uploadQueue] Retrying task c138f21645f9fa4c159d3b1193e998456fde35c44ed0c8fab93a50e746fb1aaf
[debug] [2020-10-16T14:51:51.721Z] [uploadQueue] Retrying task 3d2fdcf5acafc316e1027d7e658471b2140f39a1fda40a0563ad80872fc8abfd
[debug] [2020-10-16T14:51:51.722Z] [uploadQueue] Retrying task d96ddbc4933b04e12c738ab39f469573143949ca2c39eda0a49d16f83d40c319
[debug] [2020-10-16T14:51:51.723Z] [uploadQueue] Retrying task 03a85838d75e171413038293cf67970602f0a0dd5fc6006a09c7cd28df18f6b6
[debug] [2020-10-16T14:51:51.921Z] [uploadQueue] Retrying task bfe106a3fb878dc83461c86818bf74fc1bdc7f28538ba613cd3e775516ce8b49
[debug] [2020-10-16T14:51:51.940Z] [uploadQueue] Retrying task 04c8f913fada03b456a8f407dd9c834157cdd16bbe2aac52439a05a4128fa10f
